<?xml version="1.0" encoding="UTF-8"?>
<testsuite xmlns:xsi="http://www.w3.org/2001/XMLSchema-instance" xsi:noNamespaceSchemaLocation="https://maven.apache.org/surefire/maven-surefire-plugin/xsd/surefire-test-report.xsd" name="com.dl.AppTest" time="0.035" tests="1" errors="0" skipped="0" failures="0">
  <properties>
    <property name="sun.desktop" value="windows"/>
    <property name="awt.toolkit" value="sun.awt.windows.WToolkit"/>
    <property name="file.encoding.pkg" value="sun.io"/>
    <property name="java.specification.version" value="1.8"/>
    <property name="sun.cpu.isalist" value="amd64"/>
    <property name="sun.jnu.encoding" value="GBK"/>
    <property name="java.class.path" value="D:\Java\idea_workspeac\MavenTest\target\test-classes;D:\Java\idea_workspeac\MavenTest\target\classes;D:\Maven\junit\junit\4.12\junit-4.12.jar;D:\Maven\org\hamcrest\hamcrest-core\1.3\hamcrest-core-1.3.jar;"/>
    <property name="java.vm.vendor" value="Oracle Corporation"/>
    <property name="sun.arch.data.model" value="64"/>
    <property name="user.variant" value=""/>
    <property name="java.vendor.url" value="http://java.oracle.com/"/>
    <property name="user.timezone" value="Asia/Shanghai"/>
    <property name="java.vm.specification.version" value="1.8"/>
    <property name="os.name" value="Windows 10"/>
    <property name="user.country" value="CN"/>
    <property name="sun.java.launcher" value="SUN_STANDARD"/>
    <property name="sun.boot.library.path" value="D:\Java\jdk1.8.0_111\jre\bin"/>
    <property name="sun.java.command" value="C:\Users\23952\AppData\Local\Temp\surefire7864576396556502140\surefirebooter7596660653207984594.jar C:\Users\23952\AppData\Local\Temp\surefire7864576396556502140 2020-09-14T12-08-34_545-jvmRun1 surefire1155622350223568516tmp surefire_07353387500727238110tmp"/>
    <property name="surefire.test.class.path" value="D:\Java\idea_workspeac\MavenTest\target\test-classes;D:\Java\idea_workspeac\MavenTest\target\classes;D:\Maven\junit\junit\4.12\junit-4.12.jar;D:\Maven\org\hamcrest\hamcrest-core\1.3\hamcrest-core-1.3.jar;"/>
    <property name="sun.cpu.endian" value="little"/>
    <property name="user.home" value="C:\Users\23952"/>
    <property name="user.language" value="zh"/>
    <property name="java.specification.vendor" value="Oracle Corporation"/>
    <property name="java.home" value="D:\Java\jdk1.8.0_111\jre"/>
    <property name="basedir" value="D:\Java\idea_workspeac\MavenTest"/>
    <property name="file.separator" value="\"/>
    <property name="line.separator" value="&#10;"/>
    <property name="java.vm.specification.vendor" value="Oracle Corporation"/>
    <property name="java.specification.name" value="Java Platform API Specification"/>
    <property name="java.awt.graphicsenv" value="sun.awt.Win32GraphicsEnvironment"/>
    <property name="surefire.real.class.path" value="C:\Users\23952\AppData\Local\Temp\surefire7864576396556502140\surefirebooter7596660653207984594.jar"/>
    <property name="sun.boot.class.path" value="D:\Java\jdk1.8.0_111\jre\lib\resources.jar;D:\Java\jdk1.8.0_111\jre\lib\rt.jar;D:\Java\jdk1.8.0_111\jre\lib\sunrsasign.jar;D:\Java\jdk1.8.0_111\jre\lib\jsse.jar;D:\Java\jdk1.8.0_111\jre\lib\jce.jar;D:\Java\jdk1.8.0_111\jre\lib\charsets.jar;D:\Java\jdk1.8.0_111\jre\lib\jfr.jar;D:\Java\jdk1.8.0_111\jre\classes"/>
    <property name="user.script" value=""/>
    <property name="sun.management.compiler" value="HotSpot 64-Bit Tiered Compilers"/>
    <property name="java.runtime.version" value="1.8.0_111-b14"/>
    <property name="user.name" value="23952"/>
    <property name="path.separator" value=";"/>
    <property name="os.version" value="10.0"/>
    <property name="java.endorsed.dirs" value="D:\Java\jdk1.8.0_111\jre\lib\endorsed"/>
    <property name="java.runtime.name" value="Java(TM) SE Runtime Environment"/>
    <property name="file.encoding" value="GBK"/>
    <property name="java.vm.name" value="Java HotSpot(TM) 64-Bit Server VM"/>
    <property name="localRepository" value="D:\Maven"/>
    <property name="java.vendor.url.bug" value="http://bugreport.sun.com/bugreport/"/>
    <property name="java.io.tmpdir" value="C:\Users\23952\AppData\Local\Temp\"/>
    <property name="java.version" value="1.8.0_111"/>
    <property name="user.dir" value="D:\Java\idea_workspeac\MavenTest"/>
    <property name="os.arch" value="amd64"/>
    <property name="java.vm.specification.name" value="Java Virtual Machine Specification"/>
    <property name="java.awt.printerjob" value="sun.awt.windows.WPrinterJob"/>
    <property name="sun.os.patch.level" value=""/>
    <property name="idea.version2019.3.3" value="true"/>
    <property name="java.library.path" value="D:\Java\jdk1.8.0_111\jre\bin;C:\WINDOWS\Sun\Java\bin;C:\WINDOWS\system32;C:\WINDOWS;C:\WINDOWS\system32;C:\WINDOWS;C:\WINDOWS\System32\Wbem;C:\WINDOWS\System32\WindowsPowerShell\v1.0\;C:\WINDOWS\System32\OpenSSH\;D:\Java\jdk1.8.0_111\bin;D:\MySQL\bin;D:\java\VisualSVN Server\bin;C:\Program Files\TortoiseSVN\bin;D:\Java\apache-tomcat-8.5.11\bin;D:\Java\apache-maven-3.6.3\bin;F:\python\Scripts\;C:\Users\23952\AppData\Local\Programs\Python\Python38\Scripts\;C:\Users\23952\AppData\Local\Programs\Python\Python38\;C:\Users\23952\AppData\Local\Microsoft\WindowsApps;D:\Java\jdk1.8.0_111;F:\anaconda\Scripts;D:\Java\jdk1.8.0_111\bin;%MAVEN_HONE%\bin;;."/>
    <property name="java.vm.info" value="mixed mode"/>
    <property name="java.vendor" value="Oracle Corporation"/>
    <property name="java.vm.version" value="25.111-b14"/>
    <property name="java.ext.dirs" value="D:\Java\jdk1.8.0_111\jre\lib\ext;C:\WINDOWS\Sun\Java\lib\ext"/>
    <property name="sun.io.unicode.encoding" value="UnicodeLittle"/>
    <property name="maven.repo.local" value="D:\Maven"/>
    <property name="java.class.version" value="52.0"/>
  </properties>
  <testcase name="shouldAnswerWithTrue" classname="com.dl.AppTest" time="0.001"/>
</testsuite>